<?xml version="1.0" encoding="UTF-8"?>
<testsuite xmlns:xsi="http://www.w3.org/2001/XMLSchema-instance" xsi:noNamespaceSchemaLocation="https://maven.apache.org/surefire/maven-surefire-plugin/xsd/surefire-test-report.xsd" name="com.yktj.myinterview.MyInterviewApplicationTests" time="12.929" tests="1" errors="0" skipped="0" failures="0">
  <properties>
    <property name="sun.desktop" value="windows"/>
    <property name="awt.toolkit" value="sun.awt.windows.WToolkit"/>
    <property name="file.encoding.pkg" value="sun.io"/>
    <property name="java.specification.version" value="1.8"/>
    <property name="sun.cpu.isalist" value="amd64"/>
    <property name="sun.jnu.encoding" value="GBK"/>
    <property name="java.class.path" value="D:\javawork\learnsb_workspace\my-interview\target\test-classes;D:\javawork\learnsb_workspace\my-interview\target\classes;D:\whjzhb\mymaven\org\springframework\boot\spring-boot-starter-data-redis\2.1.6.RELEASE\spring-boot-starter-data-redis-2.1.6.RELEASE.jar;D:\whjzhb\mymaven\org\springframework\boot\spring-boot-starter\2.1.6.RELEASE\spring-boot-starter-2.1.6.RELEASE.jar;D:\whjzhb\mymaven\org\springframework\boot\spring-boot\2.1.6.RELEASE\spring-boot-2.1.6.RELEASE.jar;D:\whjzhb\mymaven\org\springframework\boot\spring-boot-autoconfigure\2.1.6.RELEASE\spring-boot-autoconfigure-2.1.6.RELEASE.jar;D:\whjzhb\mymaven\org\springframework\boot\spring-boot-starter-logging\2.1.6.RELEASE\spring-boot-starter-logging-2.1.6.RELEASE.jar;D:\whjzhb\mymaven\ch\qos\logback\logback-classic\1.2.3\logback-classic-1.2.3.jar;D:\whjzhb\mymaven\ch\qos\logback\logback-core\1.2.3\logback-core-1.2.3.jar;D:\whjzhb\mymaven\org\apache\logging\log4j\log4j-to-slf4j\2.11.2\log4j-to-slf4j-2.11.2.jar;D:\whjzhb\mymaven\org\apache\logging\log4j\log4j-api\2.11.2\log4j-api-2.11.2.jar;D:\whjzhb\mymaven\org\slf4j\jul-to-slf4j\1.7.26\jul-to-slf4j-1.7.26.jar;D:\whjzhb\mymaven\javax\annotation\javax.annotation-api\1.3.2\javax.annotation-api-1.3.2.jar;D:\whjzhb\mymaven\org\yaml\snakeyaml\1.23\snakeyaml-1.23.jar;D:\whjzhb\mymaven\org\springframework\data\spring-data-redis\2.1.9.RELEASE\spring-data-redis-2.1.9.RELEASE.jar;D:\whjzhb\mymaven\org\springframework\data\spring-data-keyvalue\2.1.9.RELEASE\spring-data-keyvalue-2.1.9.RELEASE.jar;D:\whjzhb\mymaven\org\springframework\data\spring-data-commons\2.1.9.RELEASE\spring-data-commons-2.1.9.RELEASE.jar;D:\whjzhb\mymaven\org\springframework\spring-tx\5.1.8.RELEASE\spring-tx-5.1.8.RELEASE.jar;D:\whjzhb\mymaven\org\springframework\spring-oxm\5.1.8.RELEASE\spring-oxm-5.1.8.RELEASE.jar;D:\whjzhb\mymaven\org\springframework\spring-aop\5.1.8.RELEASE\spring-aop-5.1.8.RELEASE.jar;D:\whjzhb\mymaven\org\springframework\spring-context-support\5.1.8.RELEASE\spring-context-support-5.1.8.RELEASE.jar;D:\whjzhb\mymaven\org\slf4j\slf4j-api\1.7.26\slf4j-api-1.7.26.jar;D:\whjzhb\mymaven\io\lettuce\lettuce-core\5.1.7.RELEASE\lettuce-core-5.1.7.RELEASE.jar;D:\whjzhb\mymaven\io\netty\netty-common\4.1.36.Final\netty-common-4.1.36.Final.jar;D:\whjzhb\mymaven\io\netty\netty-handler\4.1.36.Final\netty-handler-4.1.36.Final.jar;D:\whjzhb\mymaven\io\netty\netty-buffer\4.1.36.Final\netty-buffer-4.1.36.Final.jar;D:\whjzhb\mymaven\io\netty\netty-codec\4.1.36.Final\netty-codec-4.1.36.Final.jar;D:\whjzhb\mymaven\io\netty\netty-transport\4.1.36.Final\netty-transport-4.1.36.Final.jar;D:\whjzhb\mymaven\io\netty\netty-resolver\4.1.36.Final\netty-resolver-4.1.36.Final.jar;D:\whjzhb\mymaven\io\projectreactor\reactor-core\3.2.10.RELEASE\reactor-core-3.2.10.RELEASE.jar;D:\whjzhb\mymaven\org\reactivestreams\reactive-streams\1.0.2\reactive-streams-1.0.2.jar;D:\whjzhb\mymaven\org\springframework\boot\spring-boot-starter-jdbc\2.1.6.RELEASE\spring-boot-starter-jdbc-2.1.6.RELEASE.jar;D:\whjzhb\mymaven\com\zaxxer\HikariCP\3.2.0\HikariCP-3.2.0.jar;D:\whjzhb\mymaven\org\springframework\spring-jdbc\5.1.8.RELEASE\spring-jdbc-5.1.8.RELEASE.jar;D:\whjzhb\mymaven\org\springframework\spring-beans\5.1.8.RELEASE\spring-beans-5.1.8.RELEASE.jar;D:\whjzhb\mymaven\org\springframework\boot\spring-boot-starter-web\2.1.6.RELEASE\spring-boot-starter-web-2.1.6.RELEASE.jar;D:\whjzhb\mymaven\org\springframework\boot\spring-boot-starter-json\2.1.6.RELEASE\spring-boot-starter-json-2.1.6.RELEASE.jar;D:\whjzhb\mymaven\com\fasterxml\jackson\datatype\jackson-datatype-jdk8\2.9.9\jackson-datatype-jdk8-2.9.9.jar;D:\whjzhb\mymaven\com\fasterxml\jackson\datatype\jackson-datatype-jsr310\2.9.9\jackson-datatype-jsr310-2.9.9.jar;D:\whjzhb\mymaven\com\fasterxml\jackson\module\jackson-module-parameter-names\2.9.9\jackson-module-parameter-names-2.9.9.jar;D:\whjzhb\mymaven\org\springframework\boot\spring-boot-starter-tomcat\2.1.6.RELEASE\spring-boot-starter-tomcat-2.1.6.RELEASE.jar;D:\whjzhb\mymaven\org\apache\tomcat\embed\tomcat-embed-core\9.0.21\tomcat-embed-core-9.0.21.jar;D:\whjzhb\mymaven\org\apache\tomcat\embed\tomcat-embed-el\9.0.21\tomcat-embed-el-9.0.21.jar;D:\whjzhb\mymaven\org\apache\tomcat\embed\tomcat-embed-websocket\9.0.21\tomcat-embed-websocket-9.0.21.jar;D:\whjzhb\mymaven\org\hibernate\validator\hibernate-validator\6.0.17.Final\hibernate-validator-6.0.17.Final.jar;D:\whjzhb\mymaven\javax\validation\validation-api\2.0.1.Final\validation-api-2.0.1.Final.jar;D:\whjzhb\mymaven\org\jboss\logging\jboss-logging\3.3.2.Final\jboss-logging-3.3.2.Final.jar;D:\whjzhb\mymaven\com\fasterxml\classmate\1.4.0\classmate-1.4.0.jar;D:\whjzhb\mymaven\org\springframework\spring-web\5.1.8.RELEASE\spring-web-5.1.8.RELEASE.jar;D:\whjzhb\mymaven\org\springframework\spring-webmvc\5.1.8.RELEASE\spring-webmvc-5.1.8.RELEASE.jar;D:\whjzhb\mymaven\org\springframework\spring-context\5.1.8.RELEASE\spring-context-5.1.8.RELEASE.jar;D:\whjzhb\mymaven\org\springframework\spring-expression\5.1.8.RELEASE\spring-expression-5.1.8.RELEASE.jar;D:\whjzhb\mymaven\org\mybatis\spring\boot\mybatis-spring-boot-starter\2.0.1\mybatis-spring-boot-starter-2.0.1.jar;D:\whjzhb\mymaven\org\mybatis\spring\boot\mybatis-spring-boot-autoconfigure\2.0.1\mybatis-spring-boot-autoconfigure-2.0.1.jar;D:\whjzhb\mymaven\org\mybatis\mybatis\3.5.1\mybatis-3.5.1.jar;D:\whjzhb\mymaven\org\mybatis\mybatis-spring\2.0.1\mybatis-spring-2.0.1.jar;D:\whjzhb\mymaven\org\springframework\boot\spring-boot-starter-thymeleaf\2.1.6.RELEASE\spring-boot-starter-thymeleaf-2.1.6.RELEASE.jar;D:\whjzhb\mymaven\org\thymeleaf\thymeleaf-spring5\3.0.11.RELEASE\thymeleaf-spring5-3.0.11.RELEASE.jar;D:\whjzhb\mymaven\org\thymeleaf\thymeleaf\3.0.11.RELEASE\thymeleaf-3.0.11.RELEASE.jar;D:\whjzhb\mymaven\org\attoparser\attoparser\2.0.5.RELEASE\attoparser-2.0.5.RELEASE.jar;D:\whjzhb\mymaven\org\unbescape\unbescape\1.1.6.RELEASE\unbescape-1.1.6.RELEASE.jar;D:\whjzhb\mymaven\org\thymeleaf\extras\thymeleaf-extras-java8time\3.0.4.RELEASE\thymeleaf-extras-java8time-3.0.4.RELEASE.jar;D:\whjzhb\mymaven\org\webjars\jquery\3.3.1\jquery-3.3.1.jar;D:\whjzhb\mymaven\org\webjars\bootstrap\4.0.0\bootstrap-4.0.0.jar;D:\whjzhb\mymaven\org\webjars\npm\popper.js\1.11.1\popper.js-1.11.1.jar;D:\whjzhb\mymaven\org\apache\poi\poi\3.9\poi-3.9.jar;D:\whjzhb\mymaven\commons-codec\commons-codec\1.11\commons-codec-1.11.jar;D:\whjzhb\mymaven\org\apache\poi\poi-ooxml\3.9\poi-ooxml-3.9.jar;D:\whjzhb\mymaven\org\apache\poi\poi-ooxml-schemas\3.9\poi-ooxml-schemas-3.9.jar;D:\whjzhb\mymaven\org\apache\xmlbeans\xmlbeans\2.3.0\xmlbeans-2.3.0.jar;D:\whjzhb\mymaven\stax\stax-api\1.0.1\stax-api-1.0.1.jar;D:\whjzhb\mymaven\dom4j\dom4j\1.6.1\dom4j-1.6.1.jar;D:\whjzhb\mymaven\xml-apis\xml-apis\1.4.01\xml-apis-1.4.01.jar;D:\whjzhb\mymaven\com\fasterxml\jackson\core\jackson-databind\2.9.9\jackson-databind-2.9.9.jar;D:\whjzhb\mymaven\com\fasterxml\jackson\core\jackson-annotations\2.9.0\jackson-annotations-2.9.0.jar;D:\whjzhb\mymaven\com\fasterxml\jackson\core\jackson-core\2.9.9\jackson-core-2.9.9.jar;D:\whjzhb\mymaven\mysql\mysql-connector-java\5.1.37\mysql-connector-java-5.1.37.jar;D:\whjzhb\mymaven\com\oracle\ojdbc14\10.2.0.4.0\ojdbc14-10.2.0.4.0.jar;D:\whjzhb\mymaven\org\springframework\boot\spring-boot-starter-test\2.1.6.RELEASE\spring-boot-starter-test-2.1.6.RELEASE.jar;D:\whjzhb\mymaven\org\springframework\boot\spring-boot-test\2.1.6.RELEASE\spring-boot-test-2.1.6.RELEASE.jar;D:\whjzhb\mymaven\org\springframework\boot\spring-boot-test-autoconfigure\2.1.6.RELEASE\spring-boot-test-autoconfigure-2.1.6.RELEASE.jar;D:\whjzhb\mymaven\com\jayway\jsonpath\json-path\2.4.0\json-path-2.4.0.jar;D:\whjzhb\mymaven\net\minidev\json-smart\2.3\json-smart-2.3.jar;D:\whjzhb\mymaven\net\minidev\accessors-smart\1.2\accessors-smart-1.2.jar;D:\whjzhb\mymaven\org\ow2\asm\asm\5.0.4\asm-5.0.4.jar;D:\whjzhb\mymaven\junit\junit\4.12\junit-4.12.jar;D:\whjzhb\mymaven\org\assertj\assertj-core\3.11.1\assertj-core-3.11.1.jar;D:\whjzhb\mymaven\org\mockito\mockito-core\2.23.4\mockito-core-2.23.4.jar;D:\whjzhb\mymaven\net\bytebuddy\byte-buddy\1.9.13\byte-buddy-1.9.13.jar;D:\whjzhb\mymaven\net\bytebuddy\byte-buddy-agent\1.9.13\byte-buddy-agent-1.9.13.jar;D:\whjzhb\mymaven\org\objenesis\objenesis\2.6\objenesis-2.6.jar;D:\whjzhb\mymaven\org\hamcrest\hamcrest-core\1.3\hamcrest-core-1.3.jar;D:\whjzhb\mymaven\org\hamcrest\hamcrest-library\1.3\hamcrest-library-1.3.jar;D:\whjzhb\mymaven\org\skyscreamer\jsonassert\1.5.0\jsonassert-1.5.0.jar;D:\whjzhb\mymaven\com\vaadin\external\google\android-json\0.0.20131108.vaadin1\android-json-0.0.20131108.vaadin1.jar;D:\whjzhb\mymaven\org\springframework\spring-core\5.1.8.RELEASE\spring-core-5.1.8.RELEASE.jar;D:\whjzhb\mymaven\org\springframework\spring-jcl\5.1.8.RELEASE\spring-jcl-5.1.8.RELEASE.jar;D:\whjzhb\mymaven\org\springframework\spring-test\5.1.8.RELEASE\spring-test-5.1.8.RELEASE.jar;D:\whjzhb\mymaven\org\xmlunit\xmlunit-core\2.6.2\xmlunit-core-2.6.2.jar;"/>
    <property name="java.vm.vendor" value="Oracle Corporation"/>
    <property name="sun.arch.data.model" value="64"/>
    <property name="user.variant" value=""/>
    <property name="java.vendor.url" value="http://java.oracle.com/"/>
    <property name="user.timezone" value="Asia/Shanghai"/>
    <property name="java.vm.specification.version" value="1.8"/>
    <property name="os.name" value="Windows 10"/>
    <property name="user.country" value="CN"/>
    <property name="sun.java.launcher" value="SUN_STANDARD"/>
    <property name="sun.boot.library.path" value="C:\Program Files\Java\jdk1.8.0_74\jre\bin"/>
    <property name="sun.java.command" value="C:\Users\ADMINI~1\AppData\Local\Temp\surefire24301113505472788\surefirebooter4671802382803063002.jar C:\Users\Administrator\AppData\Local\Temp\surefire24301113505472788 2019-07-13T10-55-26_475-jvmRun1 surefire8026238235556721065tmp surefire_06030438046880480252tmp"/>
    <property name="surefire.test.class.path" value="D:\javawork\learnsb_workspace\my-interview\target\test-classes;D:\javawork\learnsb_workspace\my-interview\target\classes;D:\whjzhb\mymaven\org\springframework\boot\spring-boot-starter-data-redis\2.1.6.RELEASE\spring-boot-starter-data-redis-2.1.6.RELEASE.jar;D:\whjzhb\mymaven\org\springframework\boot\spring-boot-starter\2.1.6.RELEASE\spring-boot-starter-2.1.6.RELEASE.jar;D:\whjzhb\mymaven\org\springframework\boot\spring-boot\2.1.6.RELEASE\spring-boot-2.1.6.RELEASE.jar;D:\whjzhb\mymaven\org\springframework\boot\spring-boot-autoconfigure\2.1.6.RELEASE\spring-boot-autoconfigure-2.1.6.RELEASE.jar;D:\whjzhb\mymaven\org\springframework\boot\spring-boot-starter-logging\2.1.6.RELEASE\spring-boot-starter-logging-2.1.6.RELEASE.jar;D:\whjzhb\mymaven\ch\qos\logback\logback-classic\1.2.3\logback-classic-1.2.3.jar;D:\whjzhb\mymaven\ch\qos\logback\logback-core\1.2.3\logback-core-1.2.3.jar;D:\whjzhb\mymaven\org\apache\logging\log4j\log4j-to-slf4j\2.11.2\log4j-to-slf4j-2.11.2.jar;D:\whjzhb\mymaven\org\apache\logging\log4j\log4j-api\2.11.2\log4j-api-2.11.2.jar;D:\whjzhb\mymaven\org\slf4j\jul-to-slf4j\1.7.26\jul-to-slf4j-1.7.26.jar;D:\whjzhb\mymaven\javax\annotation\javax.annotation-api\1.3.2\javax.annotation-api-1.3.2.jar;D:\whjzhb\mymaven\org\yaml\snakeyaml\1.23\snakeyaml-1.23.jar;D:\whjzhb\mymaven\org\springframework\data\spring-data-redis\2.1.9.RELEASE\spring-data-redis-2.1.9.RELEASE.jar;D:\whjzhb\mymaven\org\springframework\data\spring-data-keyvalue\2.1.9.RELEASE\spring-data-keyvalue-2.1.9.RELEASE.jar;D:\whjzhb\mymaven\org\springframework\data\spring-data-commons\2.1.9.RELEASE\spring-data-commons-2.1.9.RELEASE.jar;D:\whjzhb\mymaven\org\springframework\spring-tx\5.1.8.RELEASE\spring-tx-5.1.8.RELEASE.jar;D:\whjzhb\mymaven\org\springframework\spring-oxm\5.1.8.RELEASE\spring-oxm-5.1.8.RELEASE.jar;D:\whjzhb\mymaven\org\springframework\spring-aop\5.1.8.RELEASE\spring-aop-5.1.8.RELEASE.jar;D:\whjzhb\mymaven\org\springframework\spring-context-support\5.1.8.RELEASE\spring-context-support-5.1.8.RELEASE.jar;D:\whjzhb\mymaven\org\slf4j\slf4j-api\1.7.26\slf4j-api-1.7.26.jar;D:\whjzhb\mymaven\io\lettuce\lettuce-core\5.1.7.RELEASE\lettuce-core-5.1.7.RELEASE.jar;D:\whjzhb\mymaven\io\netty\netty-common\4.1.36.Final\netty-common-4.1.36.Final.jar;D:\whjzhb\mymaven\io\netty\netty-handler\4.1.36.Final\netty-handler-4.1.36.Final.jar;D:\whjzhb\mymaven\io\netty\netty-buffer\4.1.36.Final\netty-buffer-4.1.36.Final.jar;D:\whjzhb\mymaven\io\netty\netty-codec\4.1.36.Final\netty-codec-4.1.36.Final.jar;D:\whjzhb\mymaven\io\netty\netty-transport\4.1.36.Final\netty-transport-4.1.36.Final.jar;D:\whjzhb\mymaven\io\netty\netty-resolver\4.1.36.Final\netty-resolver-4.1.36.Final.jar;D:\whjzhb\mymaven\io\projectreactor\reactor-core\3.2.10.RELEASE\reactor-core-3.2.10.RELEASE.jar;D:\whjzhb\mymaven\org\reactivestreams\reactive-streams\1.0.2\reactive-streams-1.0.2.jar;D:\whjzhb\mymaven\org\springframework\boot\spring-boot-starter-jdbc\2.1.6.RELEASE\spring-boot-starter-jdbc-2.1.6.RELEASE.jar;D:\whjzhb\mymaven\com\zaxxer\HikariCP\3.2.0\HikariCP-3.2.0.jar;D:\whjzhb\mymaven\org\springframework\spring-jdbc\5.1.8.RELEASE\spring-jdbc-5.1.8.RELEASE.jar;D:\whjzhb\mymaven\org\springframework\spring-beans\5.1.8.RELEASE\spring-beans-5.1.8.RELEASE.jar;D:\whjzhb\mymaven\org\springframework\boot\spring-boot-starter-web\2.1.6.RELEASE\spring-boot-starter-web-2.1.6.RELEASE.jar;D:\whjzhb\mymaven\org\springframework\boot\spring-boot-starter-json\2.1.6.RELEASE\spring-boot-starter-json-2.1.6.RELEASE.jar;D:\whjzhb\mymaven\com\fasterxml\jackson\datatype\jackson-datatype-jdk8\2.9.9\jackson-datatype-jdk8-2.9.9.jar;D:\whjzhb\mymaven\com\fasterxml\jackson\datatype\jackson-datatype-jsr310\2.9.9\jackson-datatype-jsr310-2.9.9.jar;D:\whjzhb\mymaven\com\fasterxml\jackson\module\jackson-module-parameter-names\2.9.9\jackson-module-parameter-names-2.9.9.jar;D:\whjzhb\mymaven\org\springframework\boot\spring-boot-starter-tomcat\2.1.6.RELEASE\spring-boot-starter-tomcat-2.1.6.RELEASE.jar;D:\whjzhb\mymaven\org\apache\tomcat\embed\tomcat-embed-core\9.0.21\tomcat-embed-core-9.0.21.jar;D:\whjzhb\mymaven\org\apache\tomcat\embed\tomcat-embed-el\9.0.21\tomcat-embed-el-9.0.21.jar;D:\whjzhb\mymaven\org\apache\tomcat\embed\tomcat-embed-websocket\9.0.21\tomcat-embed-websocket-9.0.21.jar;D:\whjzhb\mymaven\org\hibernate\validator\hibernate-validator\6.0.17.Final\hibernate-validator-6.0.17.Final.jar;D:\whjzhb\mymaven\javax\validation\validation-api\2.0.1.Final\validation-api-2.0.1.Final.jar;D:\whjzhb\mymaven\org\jboss\logging\jboss-logging\3.3.2.Final\jboss-logging-3.3.2.Final.jar;D:\whjzhb\mymaven\com\fasterxml\classmate\1.4.0\classmate-1.4.0.jar;D:\whjzhb\mymaven\org\springframework\spring-web\5.1.8.RELEASE\spring-web-5.1.8.RELEASE.jar;D:\whjzhb\mymaven\org\springframework\spring-webmvc\5.1.8.RELEASE\spring-webmvc-5.1.8.RELEASE.jar;D:\whjzhb\mymaven\org\springframework\spring-context\5.1.8.RELEASE\spring-context-5.1.8.RELEASE.jar;D:\whjzhb\mymaven\org\springframework\spring-expression\5.1.8.RELEASE\spring-expression-5.1.8.RELEASE.jar;D:\whjzhb\mymaven\org\mybatis\spring\boot\mybatis-spring-boot-starter\2.0.1\mybatis-spring-boot-starter-2.0.1.jar;D:\whjzhb\mymaven\org\mybatis\spring\boot\mybatis-spring-boot-autoconfigure\2.0.1\mybatis-spring-boot-autoconfigure-2.0.1.jar;D:\whjzhb\mymaven\org\mybatis\mybatis\3.5.1\mybatis-3.5.1.jar;D:\whjzhb\mymaven\org\mybatis\mybatis-spring\2.0.1\mybatis-spring-2.0.1.jar;D:\whjzhb\mymaven\org\springframework\boot\spring-boot-starter-thymeleaf\2.1.6.RELEASE\spring-boot-starter-thymeleaf-2.1.6.RELEASE.jar;D:\whjzhb\mymaven\org\thymeleaf\thymeleaf-spring5\3.0.11.RELEASE\thymeleaf-spring5-3.0.11.RELEASE.jar;D:\whjzhb\mymaven\org\thymeleaf\thymeleaf\3.0.11.RELEASE\thymeleaf-3.0.11.RELEASE.jar;D:\whjzhb\mymaven\org\attoparser\attoparser\2.0.5.RELEASE\attoparser-2.0.5.RELEASE.jar;D:\whjzhb\mymaven\org\unbescape\unbescape\1.1.6.RELEASE\unbescape-1.1.6.RELEASE.jar;D:\whjzhb\mymaven\org\thymeleaf\extras\thymeleaf-extras-java8time\3.0.4.RELEASE\thymeleaf-extras-java8time-3.0.4.RELEASE.jar;D:\whjzhb\mymaven\org\webjars\jquery\3.3.1\jquery-3.3.1.jar;D:\whjzhb\mymaven\org\webjars\bootstrap\4.0.0\bootstrap-4.0.0.jar;D:\whjzhb\mymaven\org\webjars\npm\popper.js\1.11.1\popper.js-1.11.1.jar;D:\whjzhb\mymaven\org\apache\poi\poi\3.9\poi-3.9.jar;D:\whjzhb\mymaven\commons-codec\commons-codec\1.11\commons-codec-1.11.jar;D:\whjzhb\mymaven\org\apache\poi\poi-ooxml\3.9\poi-ooxml-3.9.jar;D:\whjzhb\mymaven\org\apache\poi\poi-ooxml-schemas\3.9\poi-ooxml-schemas-3.9.jar;D:\whjzhb\mymaven\org\apache\xmlbeans\xmlbeans\2.3.0\xmlbeans-2.3.0.jar;D:\whjzhb\mymaven\stax\stax-api\1.0.1\stax-api-1.0.1.jar;D:\whjzhb\mymaven\dom4j\dom4j\1.6.1\dom4j-1.6.1.jar;D:\whjzhb\mymaven\xml-apis\xml-apis\1.4.01\xml-apis-1.4.01.jar;D:\whjzhb\mymaven\com\fasterxml\jackson\core\jackson-databind\2.9.9\jackson-databind-2.9.9.jar;D:\whjzhb\mymaven\com\fasterxml\jackson\core\jackson-annotations\2.9.0\jackson-annotations-2.9.0.jar;D:\whjzhb\mymaven\com\fasterxml\jackson\core\jackson-core\2.9.9\jackson-core-2.9.9.jar;D:\whjzhb\mymaven\mysql\mysql-connector-java\5.1.37\mysql-connector-java-5.1.37.jar;D:\whjzhb\mymaven\com\oracle\ojdbc14\10.2.0.4.0\ojdbc14-10.2.0.4.0.jar;D:\whjzhb\mymaven\org\springframework\boot\spring-boot-starter-test\2.1.6.RELEASE\spring-boot-starter-test-2.1.6.RELEASE.jar;D:\whjzhb\mymaven\org\springframework\boot\spring-boot-test\2.1.6.RELEASE\spring-boot-test-2.1.6.RELEASE.jar;D:\whjzhb\mymaven\org\springframework\boot\spring-boot-test-autoconfigure\2.1.6.RELEASE\spring-boot-test-autoconfigure-2.1.6.RELEASE.jar;D:\whjzhb\mymaven\com\jayway\jsonpath\json-path\2.4.0\json-path-2.4.0.jar;D:\whjzhb\mymaven\net\minidev\json-smart\2.3\json-smart-2.3.jar;D:\whjzhb\mymaven\net\minidev\accessors-smart\1.2\accessors-smart-1.2.jar;D:\whjzhb\mymaven\org\ow2\asm\asm\5.0.4\asm-5.0.4.jar;D:\whjzhb\mymaven\junit\junit\4.12\junit-4.12.jar;D:\whjzhb\mymaven\org\assertj\assertj-core\3.11.1\assertj-core-3.11.1.jar;D:\whjzhb\mymaven\org\mockito\mockito-core\2.23.4\mockito-core-2.23.4.jar;D:\whjzhb\mymaven\net\bytebuddy\byte-buddy\1.9.13\byte-buddy-1.9.13.jar;D:\whjzhb\mymaven\net\bytebuddy\byte-buddy-agent\1.9.13\byte-buddy-agent-1.9.13.jar;D:\whjzhb\mymaven\org\objenesis\objenesis\2.6\objenesis-2.6.jar;D:\whjzhb\mymaven\org\hamcrest\hamcrest-core\1.3\hamcrest-core-1.3.jar;D:\whjzhb\mymaven\org\hamcrest\hamcrest-library\1.3\hamcrest-library-1.3.jar;D:\whjzhb\mymaven\org\skyscreamer\jsonassert\1.5.0\jsonassert-1.5.0.jar;D:\whjzhb\mymaven\com\vaadin\external\google\android-json\0.0.20131108.vaadin1\android-json-0.0.20131108.vaadin1.jar;D:\whjzhb\mymaven\org\springframework\spring-core\5.1.8.RELEASE\spring-core-5.1.8.RELEASE.jar;D:\whjzhb\mymaven\org\springframework\spring-jcl\5.1.8.RELEASE\spring-jcl-5.1.8.RELEASE.jar;D:\whjzhb\mymaven\org\springframework\spring-test\5.1.8.RELEASE\spring-test-5.1.8.RELEASE.jar;D:\whjzhb\mymaven\org\xmlunit\xmlunit-core\2.6.2\xmlunit-core-2.6.2.jar;"/>
    <property name="sun.cpu.endian" value="little"/>
    <property name="user.home" value="C:\Users\Administrator"/>
    <property name="user.language" value="zh"/>
    <property name="java.specification.vendor" value="Oracle Corporation"/>
    <property name="java.home" value="C:\Program Files\Java\jdk1.8.0_74\jre"/>
    <property name="basedir" value="D:\javawork\learnsb_workspace\my-interview"/>
    <property name="file.separator" value="\"/>
    <property name="line.separator" value="&#10;"/>
    <property name="java.vm.specification.vendor" value="Oracle Corporation"/>
    <property name="java.specification.name" value="Java Platform API Specification"/>
    <property name="java.awt.graphicsenv" value="sun.awt.Win32GraphicsEnvironment"/>
    <property name="surefire.real.class.path" value="C:\Users\ADMINI~1\AppData\Local\Temp\surefire24301113505472788\surefirebooter4671802382803063002.jar"/>
    <property name="sun.boot.class.path" value="C:\Program Files\Java\jdk1.8.0_74\jre\lib\resources.jar;C:\Program Files\Java\jdk1.8.0_74\jre\lib\rt.jar;C:\Program Files\Java\jdk1.8.0_74\jre\lib\sunrsasign.jar;C:\Program Files\Java\jdk1.8.0_74\jre\lib\jsse.jar;C:\Program Files\Java\jdk1.8.0_74\jre\lib\jce.jar;C:\Program Files\Java\jdk1.8.0_74\jre\lib\charsets.jar;C:\Program Files\Java\jdk1.8.0_74\jre\lib\jfr.jar;C:\Program Files\Java\jdk1.8.0_74\jre\classes"/>
    <property name="user.script" value=""/>
    <property name="sun.management.compiler" value="HotSpot 64-Bit Tiered Compilers"/>
    <property name="java.runtime.version" value="1.8.0_74-b02"/>
    <property name="user.name" value="Administrator"/>
    <property name="path.separator" value=";"/>
    <property name="os.version" value="10.0"/>
    <property name="java.endorsed.dirs" value="C:\Program Files\Java\jdk1.8.0_74\jre\lib\endorsed"/>
    <property name="java.runtime.name" value="Java(TM) SE Runtime Environment"/>
    <property name="file.encoding" value="GBK"/>
    <property name="java.vm.name" value="Java HotSpot(TM) 64-Bit Server VM"/>
    <property name="localRepository" value="D:\whjzhb\mymaven"/>
    <property name="java.vendor.url.bug" value="http://bugreport.sun.com/bugreport/"/>
    <property name="java.io.tmpdir" value="C:\Users\ADMINI~1\AppData\Local\Temp\"/>
    <property name="idea.version" value="2018.1.8"/>
    <property name="java.version" value="1.8.0_74"/>
    <property name="user.dir" value="D:\javawork\learnsb_workspace\my-interview"/>
    <property name="os.arch" value="amd64"/>
    <property name="java.vm.specification.name" value="Java Virtual Machine Specification"/>
    <property name="java.awt.printerjob" value="sun.awt.windows.WPrinterJob"/>
    <property name="sun.os.patch.level" value=""/>
    <property name="java.library.path" value="C:\Program Files\Java\jdk1.8.0_74\jre\bin;C:\WINDOWS\Sun\Java\bin;C:\WINDOWS\system32;C:\WINDOWS;C:\Program Files (x86)\IBM\WebSphere MQ\java\lib;C:\Program Files (x86)\IBM\WebSphere MQ\java\lib64;C:\ProgramData\Oracle\Java\javapath;D:\oracle\product\11.2.0\dbhome_1\bin;C:\WINDOWS\system32;C:\WINDOWS;C:\WINDOWS\System32\Wbem;C:\WINDOWS\System32\WindowsPowerShell\v1.0\;D:\Go\bin;C:\Program Files\Java\jdk1.7.0_80\bin;D:\GOPATH\bin;D:\Go\\bin;D:\Program Files\mysql-5.6.17-winx64\bin;D:\javawork\apache-maven-3.2.5\bin;C:\Program Files (x86)\decomp;D:\Program Files\MongoDB\Server\3.4\bin;D:\Program Files\UltraEdit;C:\Program Files (x86)\NVIDIA Corporation\PhysX\Common;C:\Program Files (x86)\IBM\WebSphere MQ\bin64;C:\Program Files (x86)\IBM\WebSphere MQ\bin;C:\Program Files (x86)\IBM\WebSphere MQ\tools\c\samples\bin;C:\Program Files\Git\cmd;C:\Program Files\Microsoft VS Code\bin;D:\games\Python37-32\Scripts\;D:\games\Python37-32\;D:\javawork\IDEA2018.3.5\bin;;D:\Program Files\Docker Toolbox;."/>
    <property name="java.vm.info" value="mixed mode"/>
    <property name="java.vendor" value="Oracle Corporation"/>
    <property name="java.vm.version" value="25.74-b02"/>
    <property name="java.ext.dirs" value="C:\Program Files\Java\jdk1.8.0_74\jre\lib\ext;C:\WINDOWS\Sun\Java\lib\ext"/>
    <property name="sun.io.unicode.encoding" value="UnicodeLittle"/>
    <property name="java.class.version" value="52.0"/>
  </properties>
  <testcase name="contextLoads" classname="com.yktj.myinterview.MyInterviewApplicationTests" time="1.065"/>
</testsuite>